{"/Users/ecorreia/Sites/_tests/URL_Shortner_API/modules/alphanumeric.js":{"path":"/Users/ecorreia/Sites/_tests/URL_Shortner_API/modules/alphanumeric.js","s":{"1":1,"2":1,"3":3,"4":3,"5":3,"6":15,"7":3,"8":3,"9":1},"b":{},"f":{},"fnMap":{},"statementMap":{"1":{"start":{"line":1,"column":0},"end":{"line":1,"column":43}},"2":{"start":{"line":3,"column":0},"end":{"line":18,"column":2}},"3":{"start":{"line":5,"column":2},"end":{"line":5,"column":17}},"4":{"start":{"line":7,"column":2},"end":{"line":7,"column":62}},"5":{"start":{"line":10,"column":2},"end":{"line":13,"column":3}},"6":{"start":{"line":12,"column":4},"end":{"line":12,"column":82}},"7":{"start":{"line":15,"column":2},"end":{"line":15,"column":48}},"8":{"start":{"line":17,"column":2},"end":{"line":17,"column":15}},"9":{"start":{"line":20,"column":0},"end":{"line":20,"column":36}}},"branchMap":{}},"/Users/ecorreia/Sites/_tests/URL_Shortner_API/modules/db.js":{"path":"/Users/ecorreia/Sites/_tests/URL_Shortner_API/modules/db.js","s":{"1":1,"2":1,"3":1,"4":1,"5":1,"6":1,"7":1},"b":{},"f":{},"fnMap":{},"statementMap":{"1":{"start":{"line":1,"column":0},"end":{"line":1,"column":39}},"2":{"start":{"line":2,"column":0},"end":{"line":2,"column":27}},"3":{"start":{"line":4,"column":0},"end":{"line":18,"column":5}},"4":{"start":{"line":20,"column":0},"end":{"line":27,"column":3}},"5":{"start":{"line":29,"column":0},"end":{"line":29,"column":11}},"6":{"start":{"line":31,"column":0},"end":{"line":31,"column":18}},"7":{"start":{"line":32,"column":0},"end":{"line":32,"column":28}}},"branchMap":{}},"/Users/ecorreia/Sites/_tests/URL_Shortner_API/modules/urlGen.js":{"path":"/Users/ecorreia/Sites/_tests/URL_Shortner_API/modules/urlGen.js","s":{"1":1,"2":1,"3":1,"4":2,"5":2,"6":2,"7":2,"8":1},"b":{},"f":{},"fnMap":{},"statementMap":{"1":{"start":{"line":1,"column":0},"end":{"line":1,"column":43}},"2":{"start":{"line":3,"column":0},"end":{"line":3,"column":43}},"3":{"start":{"line":5,"column":0},"end":{"line":14,"column":2}},"4":{"start":{"line":7,"column":2},"end":{"line":7,"column":41}},"5":{"start":{"line":10,"column":2},"end":{"line":10,"column":23}},"6":{"start":{"line":12,"column":2},"end":{"line":12,"column":46}},"7":{"start":{"line":13,"column":2},"end":{"line":13,"column":16}},"8":{"start":{"line":17,"column":0},"end":{"line":17,"column":29}}},"branchMap":{}},"/Users/ecorreia/Sites/_tests/URL_Shortner_API/server.js":{"path":"/Users/ecorreia/Sites/_tests/URL_Shortner_API/server.js","s":{"1":1,"2":1,"3":1,"4":1,"5":1,"6":1,"7":1,"8":1,"9":1,"10":1,"11":1,"12":1,"13":1},"b":{},"f":{},"fnMap":{},"statementMap":{"1":{"start":{"line":1,"column":0},"end":{"line":1,"column":43}},"2":{"start":{"line":2,"column":0},"end":{"line":2,"column":35}},"3":{"start":{"line":3,"column":0},"end":{"line":3,"column":42}},"4":{"start":{"line":4,"column":0},"end":{"line":4,"column":29}},"5":{"start":{"line":6,"column":0},"end":{"line":6,"column":22}},"6":{"start":{"line":8,"column":0},"end":{"line":8,"column":27}},"7":{"start":{"line":9,"column":0},"end":{"line":11,"column":4}},"8":{"start":{"line":14,"column":0},"end":{"line":14,"column":62}},"9":{"start":{"line":16,"column":0},"end":{"line":16,"column":44}},"10":{"start":{"line":18,"column":0},"end":{"line":21,"column":3}},"11":{"start":{"line":19,"column":2},"end":{"line":19,"column":59}},"12":{"start":{"line":20,"column":2},"end":{"line":20,"column":51}},"13":{"start":{"line":24,"column":0},"end":{"line":24,"column":24}}},"branchMap":{}},"/Users/ecorreia/Sites/_tests/URL_Shortner_API/routes/index.js":{"path":"/Users/ecorreia/Sites/_tests/URL_Shortner_API/routes/index.js","s":{"1":1,"2":1,"3":1,"4":1,"5":1,"6":1},"b":{},"f":{},"fnMap":{},"statementMap":{"1":{"start":{"line":1,"column":0},"end":{"line":10,"column":2}},"2":{"start":{"line":2,"column":2},"end":{"line":2,"column":34}},"3":{"start":{"line":5,"column":2},"end":{"line":5,"column":49}},"4":{"start":{"line":6,"column":2},"end":{"line":6,"column":50}},"5":{"start":{"line":7,"column":2},"end":{"line":7,"column":48}},"6":{"start":{"line":9,"column":2},"end":{"line":9,"column":16}}},"branchMap":{}},"/Users/ecorreia/Sites/_tests/URL_Shortner_API/routes/api/url.js":{"path":"/Users/ecorreia/Sites/_tests/URL_Shortner_API/routes/api/url.js","s":{"1":1,"2":1,"3":1,"4":1,"5":1,"6":1,"7":1,"8":1,"9":1,"10":1},"b":{},"f":{},"fnMap":{},"statementMap":{"1":{"start":{"line":1,"column":0},"end":{"line":1,"column":43}},"2":{"start":{"line":3,"column":0},"end":{"line":21,"column":2}},"3":{"start":{"line":4,"column":2},"end":{"line":4,"column":34}},"4":{"start":{"line":7,"column":2},"end":{"line":10,"column":5}},"5":{"start":{"line":8,"column":4},"end":{"line":8,"column":57}},"6":{"start":{"line":9,"column":4},"end":{"line":9,"column":62}},"7":{"start":{"line":13,"column":2},"end":{"line":18,"column":5}},"8":{"start":{"line":14,"column":4},"end":{"line":14,"column":57}},"9":{"start":{"line":15,"column":4},"end":{"line":17,"column":8}},"10":{"start":{"line":20,"column":2},"end":{"line":20,"column":16}}},"branchMap":{}},"/Users/ecorreia/Sites/_tests/URL_Shortner_API/routes/api/crud.js":{"path":"/Users/ecorreia/Sites/_tests/URL_Shortner_API/routes/api/crud.js","s":{"1":1,"2":1,"3":1,"4":1,"5":1,"6":1,"7":1,"8":1,"9":1,"10":1,"11":1,"12":1,"13":1,"14":1,"15":1,"16":2,"17":0,"18":0,"19":2,"20":2,"21":1,"22":1,"23":0,"24":0,"25":1,"26":1,"27":1,"28":0,"29":0,"30":0,"31":0,"32":0,"33":0,"34":1,"35":0,"36":0,"37":0,"38":0,"39":0,"40":1},"b":{},"f":{},"fnMap":{},"statementMap":{"1":{"start":{"line":2,"column":0},"end":{"line":2,"column":52}},"2":{"start":{"line":3,"column":0},"end":{"line":3,"column":42}},"3":{"start":{"line":4,"column":0},"end":{"line":4,"column":43}},"4":{"start":{"line":6,"column":0},"end":{"line":77,"column":2}},"5":{"start":{"line":7,"column":2},"end":{"line":7,"column":34}},"6":{"start":{"line":11,"column":2},"end":{"line":29,"column":5}},"7":{"start":{"line":12,"column":4},"end":{"line":12,"column":48}},"8":{"start":{"line":14,"column":4},"end":{"line":17,"column":6}},"9":{"start":{"line":18,"column":4},"end":{"line":18,"column":68}},"10":{"start":{"line":20,"column":4},"end":{"line":26,"column":7}},"11":{"start":{"line":22,"column":6},"end":{"line":22,"column":32}},"12":{"start":{"line":24,"column":6},"end":{"line":24,"column":54}},"13":{"start":{"line":25,"column":6},"end":{"line":25,"column":33}},"14":{"start":{"line":28,"column":4},"end":{"line":28,"column":44}},"15":{"start":{"line":32,"column":2},"end":{"line":40,"column":5}},"16":{"start":{"line":33,"column":4},"end":{"line":39,"column":7}},"17":{"start":{"line":34,"column":6},"end":{"line":34,"column":25}},"18":{"start":{"line":35,"column":6},"end":{"line":35,"column":32}},"19":{"start":{"line":37,"column":6},"end":{"line":37,"column":78}},"20":{"start":{"line":38,"column":6},"end":{"line":38,"column":33}},"21":{"start":{"line":43,"column":2},"end":{"line":51,"column":5}},"22":{"start":{"line":44,"column":4},"end":{"line":50,"column":7}},"23":{"start":{"line":45,"column":6},"end":{"line":45,"column":26}},"24":{"start":{"line":46,"column":6},"end":{"line":46,"column":32}},"25":{"start":{"line":48,"column":6},"end":{"line":48,"column":66}},"26":{"start":{"line":49,"column":6},"end":{"line":49,"column":33}},"27":{"start":{"line":54,"column":2},"end":{"line":63,"column":5}},"28":{"start":{"line":55,"column":4},"end":{"line":55,"column":32}},"29":{"start":{"line":56,"column":4},"end":{"line":62,"column":7}},"30":{"start":{"line":57,"column":6},"end":{"line":57,"column":25}},"31":{"start":{"line":58,"column":6},"end":{"line":58,"column":32}},"32":{"start":{"line":60,"column":6},"end":{"line":60,"column":77}},"33":{"start":{"line":61,"column":6},"end":{"line":61,"column":33}},"34":{"start":{"line":66,"column":2},"end":{"line":74,"column":5}},"35":{"start":{"line":67,"column":4},"end":{"line":73,"column":7}},"36":{"start":{"line":68,"column":6},"end":{"line":68,"column":25}},"37":{"start":{"line":69,"column":6},"end":{"line":69,"column":32}},"38":{"start":{"line":71,"column":6},"end":{"line":71,"column":77}},"39":{"start":{"line":72,"column":6},"end":{"line":72,"column":33}},"40":{"start":{"line":76,"column":2},"end":{"line":76,"column":16}}},"branchMap":{}},"/Users/ecorreia/Sites/_tests/URL_Shortner_API/modules/crud.js":{"path":"/Users/ecorreia/Sites/_tests/URL_Shortner_API/modules/crud.js","s":{"1":1,"2":1,"3":1,"4":1,"5":2,"6":1,"7":1,"8":1,"9":0,"10":0,"11":1,"12":0},"b":{},"f":{},"fnMap":{},"statementMap":{"1":{"start":{"line":1,"column":0},"end":{"line":1,"column":27}},"2":{"start":{"line":3,"column":0},"end":{"line":5,"column":2}},"3":{"start":{"line":4,"column":2},"end":{"line":4,"column":54}},"4":{"start":{"line":7,"column":0},"end":{"line":17,"column":2}},"5":{"start":{"line":8,"column":2},"end":{"line":16,"column":30}},"6":{"start":{"line":19,"column":0},"end":{"line":21,"column":2}},"7":{"start":{"line":20,"column":2},"end":{"line":20,"column":49}},"8":{"start":{"line":23,"column":0},"end":{"line":31,"column":2}},"9":{"start":{"line":24,"column":2},"end":{"line":30,"column":16}},"10":{"start":{"line":29,"column":4},"end":{"line":29,"column":67}},"11":{"start":{"line":33,"column":0},"end":{"line":39,"column":2}},"12":{"start":{"line":34,"column":2},"end":{"line":38,"column":30}}},"branchMap":{}},"/Users/ecorreia/Sites/_tests/URL_Shortner_API/routes/api/go.js":{"path":"/Users/ecorreia/Sites/_tests/URL_Shortner_API/routes/api/go.js","s":{"1":1,"2":1,"3":1,"4":1,"5":1,"6":0,"7":0,"8":0,"9":0,"10":0,"11":0,"12":1},"b":{},"f":{},"fnMap":{},"statementMap":{"1":{"start":{"line":1,"column":0},"end":{"line":1,"column":39}},"2":{"start":{"line":2,"column":0},"end":{"line":2,"column":43}},"3":{"start":{"line":4,"column":0},"end":{"line":21,"column":2}},"4":{"start":{"line":5,"column":2},"end":{"line":5,"column":34}},"5":{"start":{"line":8,"column":2},"end":{"line":19,"column":5}},"6":{"start":{"line":9,"column":4},"end":{"line":11,"column":6}},"7":{"start":{"line":12,"column":4},"end":{"line":18,"column":7}},"8":{"start":{"line":13,"column":6},"end":{"line":13,"column":25}},"9":{"start":{"line":14,"column":6},"end":{"line":14,"column":32}},"10":{"start":{"line":16,"column":6},"end":{"line":16,"column":49}},"11":{"start":{"line":17,"column":6},"end":{"line":17,"column":34}},"12":{"start":{"line":20,"column":2},"end":{"line":20,"column":16}}},"branchMap":{}},"/Users/ecorreia/Sites/_tests/URL_Shortner_API/modules/go.js":{"path":"/Users/ecorreia/Sites/_tests/URL_Shortner_API/modules/go.js","s":{"1":1,"2":1,"3":0},"b":{},"f":{},"fnMap":{},"statementMap":{"1":{"start":{"line":1,"column":0},"end":{"line":1,"column":27}},"2":{"start":{"line":3,"column":0},"end":{"line":13,"column":2}},"3":{"start":{"line":4,"column":2},"end":{"line":12,"column":30}}},"branchMap":{}}}