{"/Users/ecorreia/Sites/_tests/URL_Shortner_API/modules/alphanumeric.js":{"path":"/Users/ecorreia/Sites/_tests/URL_Shortner_API/modules/alphanumeric.js","s":{"1":1,"2":3,"3":3,"4":3,"5":15,"6":3,"7":1},"b":{},"f":{},"fnMap":{},"statementMap":{"1":{"start":{"line":3,"column":0},"end":{"line":18,"column":2}},"2":{"start":{"line":5,"column":2},"end":{"line":5,"column":17}},"3":{"start":{"line":7,"column":2},"end":{"line":7,"column":62}},"4":{"start":{"line":10,"column":2},"end":{"line":13,"column":3}},"5":{"start":{"line":12,"column":4},"end":{"line":12,"column":82}},"6":{"start":{"line":17,"column":2},"end":{"line":17,"column":15}},"7":{"start":{"line":20,"column":0},"end":{"line":20,"column":36}}},"branchMap":{}},"/Users/ecorreia/Sites/_tests/URL_Shortner_API/modules/db.js":{"path":"/Users/ecorreia/Sites/_tests/URL_Shortner_API/modules/db.js","s":{"1":1,"2":1,"3":1,"4":1,"5":1,"6":1,"7":1},"b":{},"f":{},"fnMap":{},"statementMap":{"1":{"start":{"line":1,"column":0},"end":{"line":1,"column":39}},"2":{"start":{"line":2,"column":0},"end":{"line":2,"column":27}},"3":{"start":{"line":4,"column":0},"end":{"line":18,"column":5}},"4":{"start":{"line":20,"column":0},"end":{"line":27,"column":3}},"5":{"start":{"line":29,"column":0},"end":{"line":29,"column":11}},"6":{"start":{"line":31,"column":0},"end":{"line":31,"column":18}},"7":{"start":{"line":32,"column":0},"end":{"line":32,"column":28}}},"branchMap":{}},"/Users/ecorreia/Sites/_tests/URL_Shortner_API/modules/urlGen.js":{"path":"/Users/ecorreia/Sites/_tests/URL_Shortner_API/modules/urlGen.js","s":{"1":1,"2":1,"3":2,"4":2,"5":2,"6":1},"b":{},"f":{},"fnMap":{},"statementMap":{"1":{"start":{"line":3,"column":0},"end":{"line":3,"column":43}},"2":{"start":{"line":5,"column":0},"end":{"line":14,"column":2}},"3":{"start":{"line":7,"column":2},"end":{"line":7,"column":41}},"4":{"start":{"line":10,"column":2},"end":{"line":10,"column":23}},"5":{"start":{"line":13,"column":2},"end":{"line":13,"column":16}},"6":{"start":{"line":17,"column":0},"end":{"line":17,"column":29}}},"branchMap":{}},"/Users/ecorreia/Sites/_tests/URL_Shortner_API/server.js":{"path":"/Users/ecorreia/Sites/_tests/URL_Shortner_API/server.js","s":{"1":1,"2":1,"3":1,"4":1,"5":1,"6":1,"7":1,"8":1,"9":1,"10":1},"b":{},"f":{},"fnMap":{},"statementMap":{"1":{"start":{"line":2,"column":0},"end":{"line":2,"column":35}},"2":{"start":{"line":3,"column":0},"end":{"line":3,"column":42}},"3":{"start":{"line":4,"column":0},"end":{"line":4,"column":29}},"4":{"start":{"line":6,"column":0},"end":{"line":6,"column":22}},"5":{"start":{"line":8,"column":0},"end":{"line":8,"column":27}},"6":{"start":{"line":9,"column":0},"end":{"line":11,"column":4}},"7":{"start":{"line":14,"column":0},"end":{"line":14,"column":62}},"8":{"start":{"line":16,"column":0},"end":{"line":16,"column":44}},"9":{"start":{"line":18,"column":0},"end":{"line":18,"column":44}},"10":{"start":{"line":22,"column":0},"end":{"line":22,"column":24}}},"branchMap":{}},"/Users/ecorreia/Sites/_tests/URL_Shortner_API/routes/index.js":{"path":"/Users/ecorreia/Sites/_tests/URL_Shortner_API/routes/index.js","s":{"1":1,"2":1,"3":1,"4":1,"5":1,"6":1},"b":{},"f":{},"fnMap":{},"statementMap":{"1":{"start":{"line":1,"column":0},"end":{"line":10,"column":2}},"2":{"start":{"line":2,"column":2},"end":{"line":2,"column":34}},"3":{"start":{"line":5,"column":2},"end":{"line":5,"column":49}},"4":{"start":{"line":6,"column":2},"end":{"line":6,"column":50}},"5":{"start":{"line":7,"column":2},"end":{"line":7,"column":48}},"6":{"start":{"line":9,"column":2},"end":{"line":9,"column":16}}},"branchMap":{}},"/Users/ecorreia/Sites/_tests/URL_Shortner_API/routes/api/url.js":{"path":"/Users/ecorreia/Sites/_tests/URL_Shortner_API/routes/api/url.js","s":{"1":1,"2":1,"3":1,"4":1,"5":1,"6":1,"7":1},"b":{},"f":{},"fnMap":{},"statementMap":{"1":{"start":{"line":3,"column":0},"end":{"line":21,"column":2}},"2":{"start":{"line":4,"column":2},"end":{"line":4,"column":34}},"3":{"start":{"line":7,"column":2},"end":{"line":10,"column":5}},"4":{"start":{"line":9,"column":4},"end":{"line":9,"column":62}},"5":{"start":{"line":13,"column":2},"end":{"line":18,"column":5}},"6":{"start":{"line":15,"column":4},"end":{"line":17,"column":8}},"7":{"start":{"line":20,"column":2},"end":{"line":20,"column":16}}},"branchMap":{}},"/Users/ecorreia/Sites/_tests/URL_Shortner_API/routes/api/crud.js":{"path":"/Users/ecorreia/Sites/_tests/URL_Shortner_API/routes/api/crud.js","s":{"1":1,"2":1,"3":1,"4":1,"5":1,"6":1,"7":1,"8":1,"9":1,"10":1,"11":0,"12":1,"13":1,"14":1,"15":2,"16":0,"17":2,"18":1,"19":1,"20":0,"21":1,"22":1,"23":0,"24":0,"25":0,"26":0,"27":1,"28":0,"29":0,"30":0,"31":1},"b":{"1":[1,0]},"f":{},"fnMap":{},"statementMap":{"1":{"start":{"line":2,"column":0},"end":{"line":2,"column":52}},"2":{"start":{"line":3,"column":0},"end":{"line":3,"column":42}},"3":{"start":{"line":6,"column":0},"end":{"line":79,"column":2}},"4":{"start":{"line":7,"column":2},"end":{"line":7,"column":34}},"5":{"start":{"line":11,"column":2},"end":{"line":31,"column":5}},"6":{"start":{"line":12,"column":4},"end":{"line":12,"column":48}},"7":{"start":{"line":14,"column":4},"end":{"line":17,"column":6}},"8":{"start":{"line":20,"column":4},"end":{"line":28,"column":7}},"9":{"start":{"line":21,"column":6},"end":{"line":22,"column":26}},"10":{"start":{"line":22,"column":8},"end":{"line":22,"column":26}},"11":{"start":{"line":24,"column":6},"end":{"line":24,"column":32}},"12":{"start":{"line":27,"column":6},"end":{"line":27,"column":33}},"13":{"start":{"line":30,"column":4},"end":{"line":30,"column":44}},"14":{"start":{"line":34,"column":2},"end":{"line":42,"column":5}},"15":{"start":{"line":35,"column":4},"end":{"line":41,"column":7}},"16":{"start":{"line":37,"column":6},"end":{"line":37,"column":32}},"17":{"start":{"line":40,"column":6},"end":{"line":40,"column":33}},"18":{"start":{"line":45,"column":2},"end":{"line":53,"column":5}},"19":{"start":{"line":46,"column":4},"end":{"line":52,"column":7}},"20":{"start":{"line":48,"column":6},"end":{"line":48,"column":32}},"21":{"start":{"line":51,"column":6},"end":{"line":51,"column":33}},"22":{"start":{"line":56,"column":2},"end":{"line":65,"column":5}},"23":{"start":{"line":57,"column":4},"end":{"line":57,"column":32}},"24":{"start":{"line":58,"column":4},"end":{"line":64,"column":7}},"25":{"start":{"line":60,"column":6},"end":{"line":60,"column":32}},"26":{"start":{"line":63,"column":6},"end":{"line":63,"column":33}},"27":{"start":{"line":68,"column":2},"end":{"line":76,"column":5}},"28":{"start":{"line":69,"column":4},"end":{"line":75,"column":7}},"29":{"start":{"line":71,"column":6},"end":{"line":71,"column":32}},"30":{"start":{"line":74,"column":6},"end":{"line":74,"column":33}},"31":{"start":{"line":78,"column":2},"end":{"line":78,"column":16}}},"branchMap":{"1":{"line":21,"type":"if","locations":[{"start":{"line":21,"column":6},"end":{"line":21,"column":6}},{"start":{"line":21,"column":6},"end":{"line":21,"column":6}}]}}},"/Users/ecorreia/Sites/_tests/URL_Shortner_API/modules/crud.js":{"path":"/Users/ecorreia/Sites/_tests/URL_Shortner_API/modules/crud.js","s":{"1":1,"2":1,"3":1,"4":1,"5":2,"6":1,"7":1,"8":1,"9":0,"10":0,"11":1,"12":0},"b":{},"f":{},"fnMap":{},"statementMap":{"1":{"start":{"line":1,"column":0},"end":{"line":1,"column":27}},"2":{"start":{"line":3,"column":0},"end":{"line":5,"column":2}},"3":{"start":{"line":4,"column":2},"end":{"line":4,"column":54}},"4":{"start":{"line":7,"column":0},"end":{"line":17,"column":2}},"5":{"start":{"line":8,"column":2},"end":{"line":16,"column":30}},"6":{"start":{"line":19,"column":0},"end":{"line":21,"column":2}},"7":{"start":{"line":20,"column":2},"end":{"line":20,"column":49}},"8":{"start":{"line":23,"column":0},"end":{"line":31,"column":2}},"9":{"start":{"line":24,"column":2},"end":{"line":30,"column":16}},"10":{"start":{"line":29,"column":4},"end":{"line":29,"column":67}},"11":{"start":{"line":33,"column":0},"end":{"line":39,"column":2}},"12":{"start":{"line":34,"column":2},"end":{"line":38,"column":30}}},"branchMap":{}},"/Users/ecorreia/Sites/_tests/URL_Shortner_API/routes/api/go.js":{"path":"/Users/ecorreia/Sites/_tests/URL_Shortner_API/routes/api/go.js","s":{"1":1,"2":1,"3":1,"4":1,"5":1,"6":1,"7":1,"8":1,"9":0,"10":1,"11":1,"12":1},"b":{"1":[1,0]},"f":{},"fnMap":{},"statementMap":{"1":{"start":{"line":1,"column":0},"end":{"line":1,"column":39}},"2":{"start":{"line":4,"column":0},"end":{"line":23,"column":2}},"3":{"start":{"line":5,"column":2},"end":{"line":5,"column":34}},"4":{"start":{"line":8,"column":2},"end":{"line":21,"column":5}},"5":{"start":{"line":9,"column":4},"end":{"line":11,"column":6}},"6":{"start":{"line":12,"column":4},"end":{"line":20,"column":7}},"7":{"start":{"line":13,"column":6},"end":{"line":14,"column":26}},"8":{"start":{"line":14,"column":8},"end":{"line":14,"column":26}},"9":{"start":{"line":16,"column":6},"end":{"line":16,"column":32}},"10":{"start":{"line":18,"column":6},"end":{"line":18,"column":49}},"11":{"start":{"line":19,"column":6},"end":{"line":19,"column":34}},"12":{"start":{"line":22,"column":2},"end":{"line":22,"column":16}}},"branchMap":{"1":{"line":13,"type":"if","locations":[{"start":{"line":13,"column":6},"end":{"line":13,"column":6}},{"start":{"line":13,"column":6},"end":{"line":13,"column":6}}]}}},"/Users/ecorreia/Sites/_tests/URL_Shortner_API/modules/go.js":{"path":"/Users/ecorreia/Sites/_tests/URL_Shortner_API/modules/go.js","s":{"1":1,"2":1,"3":1},"b":{},"f":{},"fnMap":{},"statementMap":{"1":{"start":{"line":1,"column":0},"end":{"line":1,"column":27}},"2":{"start":{"line":3,"column":0},"end":{"line":13,"column":2}},"3":{"start":{"line":4,"column":2},"end":{"line":12,"column":30}}},"branchMap":{}}}