TN:
SF:/Users/ecorreia/Sites/_tests/URL_Shortner_API/modules/alphanumeric.js
FNF:0
FNH:0
DA:1,1
DA:3,1
DA:5,3
DA:7,3
DA:10,3
DA:12,15
DA:15,3
DA:17,3
DA:20,1
LF:9
LH:9
BRF:0
BRH:0
end_of_record
TN:
SF:/Users/ecorreia/Sites/_tests/URL_Shortner_API/modules/db.js
FNF:0
FNH:0
DA:1,1
DA:2,1
DA:4,1
DA:20,1
DA:29,1
DA:31,1
DA:32,1
LF:7
LH:7
BRF:0
BRH:0
end_of_record
TN:
SF:/Users/ecorreia/Sites/_tests/URL_Shortner_API/modules/urlGen.js
FNF:0
FNH:0
DA:1,1
DA:3,1
DA:5,1
DA:7,2
DA:10,2
DA:12,2
DA:13,2
DA:17,1
LF:8
LH:8
BRF:0
BRH:0
end_of_record
TN:
SF:/Users/ecorreia/Sites/_tests/URL_Shortner_API/server.js
FNF:0
FNH:0
DA:1,1
DA:2,1
DA:3,1
DA:4,1
DA:6,1
DA:8,1
DA:9,1
DA:14,1
DA:16,1
DA:18,1
DA:19,1
DA:20,1
DA:24,1
LF:13
LH:13
BRF:0
BRH:0
end_of_record
TN:
SF:/Users/ecorreia/Sites/_tests/URL_Shortner_API/routes/index.js
FNF:0
FNH:0
DA:1,1
DA:2,1
DA:5,1
DA:6,1
DA:7,1
DA:9,1
LF:6
LH:6
BRF:0
BRH:0
end_of_record
TN:
SF:/Users/ecorreia/Sites/_tests/URL_Shortner_API/routes/api/url.js
FNF:0
FNH:0
DA:1,1
DA:3,1
DA:4,1
DA:7,1
DA:8,1
DA:9,1
DA:13,1
DA:14,1
DA:15,1
DA:20,1
LF:10
LH:10
BRF:0
BRH:0
end_of_record
TN:
SF:/Users/ecorreia/Sites/_tests/URL_Shortner_API/routes/api/crud.js
FNF:0
FNH:0
DA:2,1
DA:3,1
DA:4,1
DA:6,1
DA:7,1
DA:11,1
DA:12,1
DA:14,1
DA:18,1
DA:20,1
DA:22,1
DA:24,1
DA:25,1
DA:28,1
DA:32,1
DA:33,2
DA:34,0
DA:35,0
DA:37,2
DA:38,2
DA:43,1
DA:44,1
DA:45,0
DA:46,0
DA:48,1
DA:49,1
DA:54,1
DA:55,0
DA:56,0
DA:57,0
DA:58,0
DA:60,0
DA:61,0
DA:66,1
DA:67,0
DA:68,0
DA:69,0
DA:71,0
DA:72,0
DA:76,1
LF:40
LH:25
BRF:0
BRH:0
end_of_record
TN:
SF:/Users/ecorreia/Sites/_tests/URL_Shortner_API/modules/crud.js
FNF:0
FNH:0
DA:1,1
DA:3,1
DA:4,1
DA:7,1
DA:8,2
DA:19,1
DA:20,1
DA:23,1
DA:24,0
DA:29,0
DA:33,1
DA:34,0
LF:12
LH:9
BRF:0
BRH:0
end_of_record
TN:
SF:/Users/ecorreia/Sites/_tests/URL_Shortner_API/routes/api/go.js
FNF:0
FNH:0
DA:1,1
DA:2,1
DA:4,1
DA:5,1
DA:8,1
DA:9,0
DA:12,0
DA:13,0
DA:14,0
DA:16,0
DA:17,0
DA:20,1
LF:12
LH:6
BRF:0
BRH:0
end_of_record
TN:
SF:/Users/ecorreia/Sites/_tests/URL_Shortner_API/modules/go.js
FNF:0
FNH:0
DA:1,1
DA:3,1
DA:4,0
LF:3
LH:2
BRF:0
BRH:0
end_of_record
