TN:
SF:/Users/ecorreia/Sites/_tests/URL_Shortner_API/modules/alphanumeric.js
FNF:0
FNH:0
DA:1,1
DA:3,1
DA:5,2
DA:7,2
DA:10,2
DA:12,10
DA:16,2
DA:19,1
LF:8
LH:8
BRF:0
BRH:0
end_of_record
TN:
SF:/Users/ecorreia/Sites/_tests/URL_Shortner_API/modules/debug.js
FNF:0
FNH:0
DA:1,1
DA:2,1
DA:3,1
DA:4,1
DA:6,1
DA:9,1
DA:11,1
DA:12,1
DA:13,1
DA:14,1
DA:15,1
DA:16,1
DA:17,1
DA:18,1
DA:20,1
DA:22,0
DA:23,0
DA:24,0
DA:25,0
DA:27,0
DA:28,0
DA:29,0
DA:31,1
DA:32,1
DA:33,1
DA:38,1
DA:39,1
DA:40,1
DA:41,1
DA:44,1
DA:45,0
DA:46,0
DA:47,0
DA:52,1
DA:53,1
DA:54,0
DA:58,1
DA:60,0
LF:38
LH:26
BRDA:11,1,0,1
BRDA:11,1,1,0
BRDA:20,2,0,0
BRDA:20,2,1,0
BRDA:20,2,2,1
BRDA:44,3,0,0
BRDA:44,3,1,1
BRDA:46,4,0,0
BRDA:46,4,1,0
BRDA:53,5,0,0
BRDA:53,5,1,1
BRF:11
BRH:4
end_of_record
TN:
SF:/Users/ecorreia/Sites/_tests/URL_Shortner_API/modules/db.js
FNF:0
FNH:0
DA:1,1
DA:2,1
DA:4,1
DA:20,1
DA:29,1
DA:31,1
DA:32,1
LF:7
LH:7
BRF:0
BRH:0
end_of_record
TN:
SF:/Users/ecorreia/Sites/_tests/URL_Shortner_API/modules/urlGen.js
FNF:0
FNH:0
DA:3,1
DA:5,1
DA:7,1
DA:10,1
DA:13,1
DA:17,1
LF:6
LH:6
BRF:0
BRH:0
end_of_record
